# JRE version: OpenJDK Runtime Environment (8.0_152-b06) (build 1.8.0_152-release-1136-b06)
# Java VM: OpenJDK 64-Bit Server VM (25.152-b06 mixed mode linux-amd64 compressed oops)
Heap:
 PSYoungGen      total 67584K, used 5104K [0x00000000d7d00000, 0x00000000dc400000, 0x0000000100000000)
  eden space 62464K, 0% used [0x00000000d7d00000,0x00000000d7d00000,0x00000000dba00000)
  from space 5120K, 99% used [0x00000000dba00000,0x00000000dbefc370,0x00000000dbf00000)
  to   space 5120K, 0% used [0x00000000dbf00000,0x00000000dbf00000,0x00000000dc400000)
 ParOldGen       total 83456K, used 3406K [0x0000000087600000, 0x000000008c780000, 0x00000000d7d00000)
  object space 83456K, 4% used [0x0000000087600000,0x00000000879539e0,0x000000008c780000)
 Metaspace       used 14641K, capacity 15324K, committed 15488K, reserved 1062912K
  class space    used 1675K, capacity 1891K, committed 1920K, reserved 1048576K
GC Heap History (9 events):
Event: 0.789 GC heap before
{Heap before GC invocations=1 (full 0):
 PSYoungGen      total 36352K, used 31232K [0x00000000d7d00000, 0x00000000da580000, 0x0000000100000000)
  eden space 31232K, 100% used [0x00000000d7d00000,0x00000000d9b80000,0x00000000d9b80000)
  from space 5120K, 0% used [0x00000000da080000,0x00000000da080000,0x00000000da580000)
  to   space 5120K, 0% used [0x00000000d9b80000,0x00000000d9b80000,0x00000000da080000)
 ParOldGen       total 83456K, used 0K [0x0000000087600000, 0x000000008c780000, 0x00000000d7d00000)
  object space 83456K, 0% used [0x0000000087600000,0x0000000087600000,0x000000008c780000)
 Metaspace       used 5237K, capacity 5632K, committed 5760K, reserved 1056768K
  class space    used 605K, capacity 624K, committed 640K, reserved 1048576K
Event: 0.794 GC heap after
Heap after GC invocations=1 (full 0):
 PSYoungGen      total 36352K, used 2269K [0x00000000d7d00000, 0x00000000da580000, 0x0000000100000000)
  eden space 31232K, 0% used [0x00000000d7d00000,0x00000000d7d00000,0x00000000d9b80000)
  from space 5120K, 44% used [0x00000000d9b80000,0x00000000d9db7628,0x00000000da080000)
  to   space 5120K, 0% used [0x00000000da080000,0x00000000da080000,0x00000000da580000)
 ParOldGen       total 83456K, used 8K [0x0000000087600000, 0x000000008c780000, 0x00000000d7d00000)
  object space 83456K, 0% used [0x0000000087600000,0x0000000087602000,0x000000008c780000)
 Metaspace       used 5237K, capacity 5632K, committed 5760K, reserved 1056768K
  class space    used 605K, capacity 624K, committed 640K, reserved 1048576K
}
Event: 1.322 GC heap before
{Heap before GC invocations=2 (full 0):
 PSYoungGen      total 36352K, used 33501K [0x00000000d7d00000, 0x00000000da580000, 0x0000000100000000)
  eden space 31232K, 100% used [0x00000000d7d00000,0x00000000d9b80000,0x00000000d9b80000)
  from space 5120K, 44% used [0x00000000d9b80000,0x00000000d9db7628,0x00000000da080000)
  to   space 5120K, 0% used [0x00000000da080000,0x00000000da080000,0x00000000da580000)
 ParOldGen       total 83456K, used 8K [0x0000000087600000, 0x000000008c780000, 0x00000000d7d00000)
  object space 83456K, 0% used [0x0000000087600000,0x0000000087602000,0x000000008c780000)
 Metaspace       used 9487K, capacity 9658K, committed 9984K, reserved 1058816K
  class space    used 1087K, capacity 1153K, committed 1280K, reserved 1048576K
Event: 1.327 GC heap after
Heap after GC invocations=2 (full 0):
 PSYoungGen      total 36352K, used 3127K [0x00000000d7d00000, 0x00000000da580000, 0x0000000100000000)
  eden space 31232K, 0% used [0x00000000d7d00000,0x00000000d7d00000,0x00000000d9b80000)
  from space 5120K, 61% used [0x00000000da080000,0x00000000da38dc50,0x00000000da580000)
  to   space 5120K, 0% used [0x00000000d9b80000,0x00000000d9b80000,0x00000000da080000)
 ParOldGen       total 83456K, used 80K [0x0000000087600000, 0x000000008c780000, 0x00000000d7d00000)
  object space 83456K, 0% used [0x0000000087600000,0x0000000087614010,0x000000008c780000)
 Metaspace       used 9487K, capacity 9658K, committed 9984K, reserved 1058816K
  class space    used 1087K, capacity 1153K, committed 1280K, reserved 1048576K
}
Event: 1.721 GC heap before
{Heap before GC invocations=3 (full 0):
 PSYoungGen      total 36352K, used 34359K [0x00000000d7d00000, 0x00000000da580000, 0x0000000100000000)
  eden space 31232K, 100% used [0x00000000d7d00000,0x00000000d9b80000,0x00000000d9b80000)
  from space 5120K, 61% used [0x00000000da080000,0x00000000da38dc50,0x00000000da580000)
  to   space 5120K, 0% used [0x00000000d9b80000,0x00000000d9b80000,0x00000000da080000)
 ParOldGen       total 83456K, used 80K [0x0000000087600000, 0x000000008c780000, 0x00000000d7d00000)
  object space 83456K, 0% used [0x0000000087600000,0x0000000087614010,0x000000008c780000)
 Metaspace       used 11616K, capacity 11880K, committed 12160K, reserved 1060864K
  class space    used 1279K, capacity 1366K, committed 1408K, reserved 1048576K
Event: 1.736 GC heap after
Heap after GC invocations=3 (full 0):
 PSYoungGen      total 36352K, used 4476K [0x00000000d7d00000, 0x00000000dc400000, 0x0000000100000000)
  eden space 31232K, 0% used [0x00000000d7d00000,0x00000000d7d00000,0x00000000d9b80000)
  from space 5120K, 87% used [0x00000000d9b80000,0x00000000d9fdf1c8,0x00000000da080000)
  to   space 5120K, 0% used [0x00000000dbf00000,0x00000000dbf00000,0x00000000dc400000)
 ParOldGen       total 83456K, used 88K [0x0000000087600000, 0x000000008c780000, 0x00000000d7d00000)
  object space 83456K, 0% used [0x0000000087600000,0x0000000087616010,0x000000008c780000)
 Metaspace       used 11616K, capacity 11880K, committed 12160K, reserved 1060864K
  class space    used 1279K, capacity 1366K, committed 1408K, reserved 1048576K
}
Event: 1.983 GC heap before
{Heap before GC invocations=4 (full 0):
 PSYoungGen      total 36352K, used 35708K [0x00000000d7d00000, 0x00000000dc400000, 0x0000000100000000)
  eden space 31232K, 100% used [0x00000000d7d00000,0x00000000d9b80000,0x00000000d9b80000)
  from space 5120K, 87% used [0x00000000d9b80000,0x00000000d9fdf1c8,0x00000000da080000)
  to   space 5120K, 0% used [0x00000000dbf00000,0x00000000dbf00000,0x00000000dc400000)
 ParOldGen       total 83456K, used 88K [0x0000000087600000, 0x000000008c780000, 0x00000000d7d00000)
  object space 83456K, 0% used [0x0000000087600000,0x0000000087616010,0x000000008c780000)
 Metaspace       used 12519K, capacity 12752K, committed 13056K, reserved 1060864K
  class space    used 1412K, capacity 1505K, committed 1536K, reserved 1048576K
Event: 1.988 GC heap after
Heap after GC invocations=4 (full 0):
 PSYoungGen      total 67584K, used 5104K [0x00000000d7d00000, 0x00000000dc400000, 0x0000000100000000)
  eden space 62464K, 0% used [0x00000000d7d00000,0x00000000d7d00000,0x00000000dba00000)
  from space 5120K, 99% used [0x00000000dbf00000,0x00000000dc3fc390,0x00000000dc400000)
  to   space 5120K, 0% used [0x00000000dba00000,0x00000000dba00000,0x00000000dbf00000)
 ParOldGen       total 83456K, used 687K [0x0000000087600000, 0x000000008c780000, 0x00000000d7d00000)
  object space 83456K, 0% used [0x0000000087600000,0x00000000876abfa8,0x000000008c780000)
 Metaspace       used 12519K, capacity 12752K, committed 13056K, reserved 1060864K
  class space    used 1412K, capacity 1505K, committed 1536K, reserved 1048576K
}
Event: 7.995 GC heap before
{Heap before GC invocations=5 (full 0):
 PSYoungGen      total 67584K, used 67568K [0x00000000d7d00000, 0x00000000dc400000, 0x0000000100000000)
  eden space 62464K, 100% used [0x00000000d7d00000,0x00000000dba00000,0x00000000dba00000)
  from space 5120K, 99% used [0x00000000dbf00000,0x00000000dc3fc390,0x00000000dc400000)
  to   space 5120K, 0% used [0x00000000dba00000,0x00000000dba00000,0x00000000dbf00000)
 ParOldGen       total 83456K, used 687K [0x0000000087600000, 0x000000008c780000, 0x00000000d7d00000)
  object space 83456K, 0% used [0x0000000087600000,0x00000000876abfa8,0x000000008c780000)
 Metaspace       used 14641K, capacity 15324K, committed 15488K, reserved 1062912K
  class space    used 1675K, capacity 1891K, committed 1920K, reserved 1048576K

